
> smart-home-voice-frontend@0.1.0 dev
> vite --host 127.0.0.1


  [32m[1mVITE[22m v7.3.5[39m  [2mready in [0m[1m405[22m[2m[0m ms[22m

  [32m➜[39m  [1mLocal[22m:   [36mhttp://127.0.0.1:[1m5173[22m/[39m
[2m[32m  ➜[39m[22m[2m  press [22m[1mh + enter[22m[2m to show help[22m
[2m19:23:14[22m [36m[1m[vite][22m[39m [90m[2m(client)[22m[39m [32mhmr update [39m[2m/src/views/DashboardView.vue, /src/views/RemindersView.vue, /src/views/VoiceControlView.vue, /src/views/LogsView.vue, /src/views/DevicesView.vue, /src/views/ScenesView.vue, /src/components/LogDetailDrawer.vue[22m
[2m19:23:40[22m [36m[1m[vite][22m[39m [90m[2m(client)[22m[39m [32mhmr update [39m[2m/src/components/PersonalizationCard.vue[22m
[2m19:23:54[22m [36m[1m[vite][22m[39m [90m[2m(client)[22m[39m [32mhmr update [39m[2m/src/views/VoiceControlView.vue[22m
[2m19:24:07[22m [36m[1m[vite][22m[39m [90m[2m(client)[22m[39m [32mhmr update [39m[2m/src/components/LogDetailDrawer.vue[22m
[2m19:27:30[22m [36m[1m[vite][22m[39m [90m[2m(client)[22m[39m [32mhmr update [39m[2m/src/styles/main.css[22m
[2m19:34:54[22m [36m[1m[vite][22m[39m [90m[2m(client)[22m[39m [32mhmr update [39m[2m/src/views/VoiceControlView.vue, /src/views/DevicesView.vue, /src/components/PersonalizationCard.vue, /src/components/DeviceAliasDialog.vue[22m
[2m19:35:08[22m [36m[1m[vite][22m[39m [90m[2m(client)[22m[39m [32mhmr update [39m[2m/src/views/DashboardView.vue, /src/views/RemindersView.vue, /src/views/VoiceControlView.vue, /src/views/LogsView.vue, /src/views/DevicesView.vue, /src/views/ScenesView.vue, /src/components/LogDetailDrawer.vue[22m
[2m19:35:33[22m [36m[1m[vite][22m[39m [90m[2m(client)[22m[39m [32mhmr update [39m[2m/src/components/PersonalizationCard.vue[22m
[2m19:35:45[22m [36m[1m[vite][22m[39m [90m[2m(client)[22m[39m [32mhmr update [39m[2m/src/styles/main.css[22m
[2m19:46:19[22m [36m[1m[vite][22m[39m [90m[2m(client)[22m[39m [32mhmr update [39m[2m/src/views/VoiceControlView.vue[22m
[2m19:46:54[22m [36m[1m[vite][22m[39m [90m[2m(client)[22m[39m [32mhmr update [39m[2m/src/styles/main.css[22m
[2m19:47:21[22m [36m[1m[vite][22m[39m [90m[2m(client)[22m[39m [32mhmr update [39m[2m/src/views/VoiceControlView.vue[22m
[2m19:53:16[22m [36m[1m[vite][22m[39m [90m[2m(client)[22m[39m [32mhmr update [39m[2m/src/styles/main.css[22m
[2m19:53:32[22m [36m[1m[vite][22m[39m [90m[2m(client)[22m[39m [32mhmr update [39m[2m/src/styles/main.css[22m
[2m19:58:24[22m [36m[1m[vite][22m[39m [90m[2m(client)[22m[39m [32mhmr update [39m[2m/src/views/VoiceControlView.vue[22m
[2m19:58:42[22m [36m[1m[vite][22m[39m [90m[2m(client)[22m[39m [32mhmr update [39m[2m/src/views/VoiceControlView.vue[22m
[2m20:04:19[22m [36m[1m[vite][22m[39m [90m[2m(client)[22m[39m [32mhmr update [39m[2m/src/styles/main.css[22m
[2m20:04:40[22m [36m[1m[vite][22m[39m [90m[2m(client)[22m[39m [32mhmr update [39m[2m/src/styles/main.css[22m
[2m20:04:56[22m [36m[1m[vite][22m[39m [90m[2m(client)[22m[39m [32mhmr update [39m[2m/src/styles/main.css[22m
[2m20:05:07[22m [36m[1m[vite][22m[39m [90m[2m(client)[22m[39m [32mhmr update [39m[2m/src/styles/main.css[22m
[2m20:08:41[22m [36m[1m[vite][22m[39m [90m[2m(client)[22m[39m [32mhmr update [39m[2m/src/views/VoiceControlView.vue[22m
[2m20:11:29[22m [36m[1m[vite][22m[39m [90m[2m(client)[22m[39m [32mhmr update [39m[2m/src/styles/main.css[22m
[2m20:15:07[22m [36m[1m[vite][22m[39m [90m[2m(client)[22m[39m [32mhmr update [39m[2m/src/styles/main.css[22m
[2m20:20:22[22m [36m[1m[vite][22m[39m [90m[2m(client)[22m[39m [32mhmr update [39m[2m/src/views/VoiceControlView.vue[22m
[2m20:20:43[22m [36m[1m[vite][22m[39m [90m[2m(client)[22m[39m [32mhmr update [39m[2m/src/styles/main.css[22m
[2m20:23:38[22m [36m[1m[vite][22m[39m [90m[2m(client)[22m[39m [32mhmr update [39m[2m/src/styles/main.css[22m
[2m22:22:07[22m [36m[1m[vite][22m[39m [90m[2m(client)[22m[39m [32mhmr update [39m[2m/src/views/DashboardView.vue, /src/views/RemindersView.vue, /src/views/VoiceControlView.vue, /src/views/LogsView.vue, /src/views/DevicesView.vue, /src/views/ScenesView.vue, /src/components/LogDetailDrawer.vue, /src/components/PersonalizationCard.vue[22m
[2m23:27:19[22m [36m[1m[vite][22m[39m [90m[2m(client)[22m[39m [32mhmr update [39m[2m/src/components/LogDetailDrawer.vue[22m
[2m23:35:57[22m [36m[1m[vite][22m[39m [90m[2m(client)[22m[39m [32mhmr update [39m[2m/src/views/VoiceControlView.vue[22m
